{"name":"asd","status":"failed","statusDetails":{"known":false,"muted":false,"flaky":false,"message":"Invalid element state [By.xpath: //*[contains(@class, 'seat-available')].snapshot(1 elements)[0]]: element click intercepted: Element <g class=\"map-seat seat-54449288 seat-blocked\" seat-id=\"54449288\" ticket-type-ids=\"1257639\" style=\"stroke-width: 0;\">...</g> is not clickable at point (722, 878). Other element would receive the click: <rect width=\"3993\" height=\"3236\" fill=\"white\"></rect>\nScreenshot: file:/Users/dvardanidze/Desktop/FRONTX/build/reports/tests/1681937524328.0.png\nPage source: file:/Users/dvardanidze/Desktop/FRONTX/build/reports/tests/1681937524328.0.html\nTimeout: 4 s.\nCaused by: ElementClickInterceptedException: element click intercepted: Element <g class=\"map-seat seat-54449288 seat-blocked\" seat-id=\"54449288\" ticket-type-ids=\"1257639\" style=\"stroke-width: 0;\">...</g> is not clickable at point (722, 878). Other element would receive the click: <rect width=\"3993\" height=\"3236\" fill=\"white\"></rect>","trace":"Invalid element state [By.xpath: //*[contains(@class, 'seat-available')].snapshot(1 elements)[0]]: element click intercepted: Element <g class=\"map-seat seat-54449288 seat-blocked\" seat-id=\"54449288\" ticket-type-ids=\"1257639\" style=\"stroke-width: 0;\">...</g> is not clickable at point (722, 878). Other element would receive the click: <rect width=\"3993\" height=\"3236\" fill=\"white\"></rect>\nScreenshot: file:/Users/dvardanidze/Desktop/FRONTX/build/reports/tests/1681937524328.0.png\nPage source: file:/Users/dvardanidze/Desktop/FRONTX/build/reports/tests/1681937524328.0.html\nTimeout: 4 s.\nCaused by: ElementClickInterceptedException: element click intercepted: Element <g class=\"map-seat seat-54449288 seat-blocked\" seat-id=\"54449288\" ticket-type-ids=\"1257639\" style=\"stroke-width: 0;\">...</g> is not clickable at point (722, 878). Other element would receive the click: <rect width=\"3993\" height=\"3236\" fill=\"white\"></rect>\n\tat com.codeborne.selenide.impl.ExceptionWrapper.wrap(ExceptionWrapper.java:26)\n\tat com.codeborne.selenide.impl.SelenideElementProxy.dispatchAndRetry(SelenideElementProxy.java:154)\n\tat com.codeborne.selenide.impl.SelenideElementProxy.invoke(SelenideElementProxy.java:84)\n\tat jdk.proxy2/jdk.proxy2.$Proxy13.click(Unknown Source)\n\tat selenideWebTesting.asdasd.asd(asdasd.java:39)\n\tat java.base/jdk.internal.reflect.NativeMethodAccessorImpl.invoke0(Native Method)\n\tat java.base/jdk.internal.reflect.NativeMethodAccessorImpl.invoke(NativeMethodAccessorImpl.java:77)\n\tat java.base/jdk.internal.reflect.DelegatingMethodAccessorImpl.invoke(DelegatingMethodAccessorImpl.java:43)\n\tat java.base/java.lang.reflect.Method.invoke(Method.java:568)\n\tat org.testng.internal.MethodInvocationHelper.invokeMethod(MethodInvocationHelper.java:133)\n\tat org.testng.internal.TestInvoker.invokeMethod(TestInvoker.java:584)\n\tat org.testng.internal.TestInvoker.invokeTestMethod(TestInvoker.java:172)\n\tat org.testng.internal.MethodRunner.runInSequence(MethodRunner.java:46)\n\tat org.testng.internal.TestInvoker$MethodInvocationAgent.invoke(TestInvoker.java:804)\n\tat org.testng.internal.TestInvoker.invokeTestMethods(TestInvoker.java:145)\n\tat org.testng.internal.TestMethodWorker.invokeTestMethods(TestMethodWorker.java:146)\n\tat org.testng.internal.TestMethodWorker.run(TestMethodWorker.java:128)\n\tat java.base/java.util.ArrayList.forEach(ArrayList.java:1511)\n\tat org.testng.TestRunner.privateRun(TestRunner.java:770)\n\tat org.testng.TestRunner.run(TestRunner.java:591)\n\tat org.testng.SuiteRunner.runTest(SuiteRunner.java:402)\n\tat org.testng.SuiteRunner.runSequentially(SuiteRunner.java:396)\n\tat org.testng.SuiteRunner.privateRun(SuiteRunner.java:355)\n\tat org.testng.SuiteRunner.run(SuiteRunner.java:304)\n\tat org.testng.SuiteRunnerWorker.runSuite(SuiteRunnerWorker.java:53)\n\tat org.testng.SuiteRunnerWorker.run(SuiteRunnerWorker.java:96)\n\tat org.testng.TestNG.runSuitesSequentially(TestNG.java:1180)\n\tat org.testng.TestNG.runSuitesLocally(TestNG.java:1102)\n\tat org.testng.TestNG.runSuites(TestNG.java:1032)\n\tat org.testng.TestNG.run(TestNG.java:1000)\n\tat com.intellij.rt.testng.IDEARemoteTestNG.run(IDEARemoteTestNG.java:66)\n\tat com.intellij.rt.testng.RemoteTestNGStarter.main(RemoteTestNGStarter.java:109)\nCaused by: org.openqa.selenium.ElementClickInterceptedException: element click intercepted: Element <g class=\"map-seat seat-54449288 seat-blocked\" seat-id=\"54449288\" ticket-type-ids=\"1257639\" style=\"stroke-width: 0;\">...</g> is not clickable at point (722, 878). Other element would receive the click: <rect width=\"3993\" height=\"3236\" fill=\"white\"></rect>\n  (Session info: chrome=112.0.5615.121)\nBuild info: version: '4.8.1', revision: '8ebccac989'\nSystem info: os.name: 'Mac OS X', os.arch: 'x86_64', os.version: '13.1', java.version: '17.0.5'\nDriver info: org.openqa.selenium.chrome.ChromeDriver\nCommand: [62a50c636ffdf33f0ac1fdb31efb8bf9, clickElement {id=79455782-cd57-4d05-976e-70a8dcfbe510}]\nCapabilities {acceptInsecureCerts: true, browserName: chrome, browserVersion: 112.0.5615.121, chrome: {chromedriverVersion: 112.0.5615.49 (bd2a7bcb881c..., userDataDir: /var/folders/55/xnfgytgj1nv...}, goog:chromeOptions: {debuggerAddress: localhost:52743}, networkConnectionEnabled: false, pageLoadStrategy: normal, platformName: MAC, proxy: Proxy(), se:cdp: ws://localhost:52743/devtoo..., se:cdpVersion: 112.0.5615.121, setWindowRect: true, strictFileInteractability: false, timeouts: {implicit: 0, pageLoad: 300000, script: 30000}, unhandledPromptBehavior: accept, webauthn:extension:credBlob: true, webauthn:extension:largeBlob: true, webauthn:extension:minPinLength: true, webauthn:extension:prf: true, webauthn:virtualAuthenticators: true}\nElement: [[ChromeDriver: chrome on MAC (62a50c636ffdf33f0ac1fdb31efb8bf9)] -> xpath: //*[contains(@class, 'seat-available')]]\nSession ID: 62a50c636ffdf33f0ac1fdb31efb8bf9\n\tat java.base/jdk.internal.reflect.NativeConstructorAccessorImpl.newInstance0(Native Method)\n\tat java.base/jdk.internal.reflect.NativeConstructorAccessorImpl.newInstance(NativeConstructorAccessorImpl.java:77)\n\tat java.base/jdk.internal.reflect.DelegatingConstructorAccessorImpl.newInstance(DelegatingConstructorAccessorImpl.java:45)\n\tat java.base/java.lang.reflect.Constructor.newInstanceWithCaller(Constructor.java:499)\n\tat java.base/java.lang.reflect.Constructor.newInstance(Constructor.java:480)\n\tat org.openqa.selenium.remote.codec.w3c.W3CHttpResponseCodec.createException(W3CHttpResponseCodec.java:200)\n\tat org.openqa.selenium.remote.codec.w3c.W3CHttpResponseCodec.decode(W3CHttpResponseCodec.java:133)\n\tat org.openqa.selenium.remote.codec.w3c.W3CHttpResponseCodec.decode(W3CHttpResponseCodec.java:53)\n\tat org.openqa.selenium.remote.HttpCommandExecutor.execute(HttpCommandExecutor.java:184)\n\tat org.openqa.selenium.remote.service.DriverCommandExecutor.invokeExecute(DriverCommandExecutor.java:167)\n\tat org.openqa.selenium.remote.service.DriverCommandExecutor.execute(DriverCommandExecutor.java:142)\n\tat org.openqa.selenium.remote.RemoteWebDriver.execute(RemoteWebDriver.java:543)\n\tat org.openqa.selenium.remote.RemoteWebElement.execute(RemoteWebElement.java:257)\n\tat org.openqa.selenium.remote.RemoteWebElement.click(RemoteWebElement.java:78)\n\tat com.codeborne.selenide.commands.Click.defaultClick(Click.java:97)\n\tat com.codeborne.selenide.commands.Click.click(Click.java:54)\n\tat com.codeborne.selenide.commands.Click.execute(Click.java:31)\n\tat com.codeborne.selenide.commands.Click.execute(Click.java:21)\n\tat com.codeborne.selenide.commands.Commands.execute(Commands.java:159)\n\tat com.codeborne.selenide.impl.SelenideElementProxy.dispatchAndRetry(SelenideElementProxy.java:132)\n\t... 30 more\n"},"stage":"finished","steps":[],"attachments":[],"parameters":[],"start":1681937496146,"stop":1681937524670,"uuid":"61299b79-4ed5-4ad9-ab12-5988d74c9a75","historyId":"7d3c38e04dca847c147f6a9507e2eccb","fullName":"selenideWebTesting.asdasd.asd","labels":[{"name":"package","value":"selenideWebTesting.asdasd"},{"name":"testClass","value":"selenideWebTesting.asdasd"},{"name":"testMethod","value":"asd"},{"name":"parentSuite","value":"Default Suite"},{"name":"suite","value":"FRONTX"},{"name":"subSuite","value":"selenideWebTesting.asdasd"},{"name":"host","value":"dvardanidzes-MacBook.local"},{"name":"thread","value":"31065@dvardanidzes-MacBook.local.main(1)"},{"name":"framework","value":"testng"},{"name":"language","value":"java"}],"links":[]}