{"name":"asdas","status":"failed","statusDetails":{"known":false,"muted":false,"flaky":false,"message":"Invalid element state [By.xpath: //button[text()='ყიდვა'][1]]: element click intercepted: Element <button id=\"continueButton2\" style=\"flex: 1 1 0%; pointer-events: none; opacity: 0.6;\" class=\"style__GenericButton-nm7nxs-0 style__StyledButton-nm7nxs-1 mwDTa fAkIBH style__EventDetailsBodyDetailsButton-tv4rit-10 hkBnGM\">...</button> is not clickable at point (1121, 634). Other element would receive the click: <div class=\"style__EventDetailsButtonsContainer-tv4rit-9 iyOrAW\">...</div>\nScreenshot: file:/Users/dvardanidze/Desktop/FRONTX/build/reports/tests/1681928025087.0.png\nPage source: file:/Users/dvardanidze/Desktop/FRONTX/build/reports/tests/1681928025087.0.html\nTimeout: 4 s.\nCaused by: ElementClickInterceptedException: element click intercepted: Element <button id=\"continueButton2\" style=\"flex: 1 1 0%; pointer-events: none; opacity: 0.6;\" class=\"style__GenericButton-nm7nxs-0 style__StyledButton-nm7nxs-1 mwDTa fAkIBH style__EventDetailsBodyDetailsButton-tv4rit-10 hkBnGM\">...</button> is not clickable at point (1121, 634). Other element would receive the click: <div class=\"style__EventDetailsButtonsContainer-tv4rit-9 iyOrAW\">...</div>","trace":"Invalid element state [By.xpath: //button[text()='ყიდვა'][1]]: element click intercepted: Element <button id=\"continueButton2\" style=\"flex: 1 1 0%; pointer-events: none; opacity: 0.6;\" class=\"style__GenericButton-nm7nxs-0 style__StyledButton-nm7nxs-1 mwDTa fAkIBH style__EventDetailsBodyDetailsButton-tv4rit-10 hkBnGM\">...</button> is not clickable at point (1121, 634). Other element would receive the click: <div class=\"style__EventDetailsButtonsContainer-tv4rit-9 iyOrAW\">...</div>\nScreenshot: file:/Users/dvardanidze/Desktop/FRONTX/build/reports/tests/1681928025087.0.png\nPage source: file:/Users/dvardanidze/Desktop/FRONTX/build/reports/tests/1681928025087.0.html\nTimeout: 4 s.\nCaused by: ElementClickInterceptedException: element click intercepted: Element <button id=\"continueButton2\" style=\"flex: 1 1 0%; pointer-events: none; opacity: 0.6;\" class=\"style__GenericButton-nm7nxs-0 style__StyledButton-nm7nxs-1 mwDTa fAkIBH style__EventDetailsBodyDetailsButton-tv4rit-10 hkBnGM\">...</button> is not clickable at point (1121, 634). Other element would receive the click: <div class=\"style__EventDetailsButtonsContainer-tv4rit-9 iyOrAW\">...</div>\n\tat com.codeborne.selenide.impl.ExceptionWrapper.wrap(ExceptionWrapper.java:26)\n\tat com.codeborne.selenide.impl.SelenideElementProxy.dispatchAndRetry(SelenideElementProxy.java:154)\n\tat com.codeborne.selenide.impl.SelenideElementProxy.invoke(SelenideElementProxy.java:84)\n\tat jdk.proxy2/jdk.proxy2.$Proxy13.click(Unknown Source)\n\tat selenideWebTesting.asdasd.asdas(asdasd.java:22)\n\tat java.base/jdk.internal.reflect.NativeMethodAccessorImpl.invoke0(Native Method)\n\tat java.base/jdk.internal.reflect.NativeMethodAccessorImpl.invoke(NativeMethodAccessorImpl.java:77)\n\tat java.base/jdk.internal.reflect.DelegatingMethodAccessorImpl.invoke(DelegatingMethodAccessorImpl.java:43)\n\tat java.base/java.lang.reflect.Method.invoke(Method.java:568)\n\tat org.testng.internal.MethodInvocationHelper.invokeMethod(MethodInvocationHelper.java:133)\n\tat org.testng.internal.TestInvoker.invokeMethod(TestInvoker.java:584)\n\tat org.testng.internal.TestInvoker.invokeTestMethod(TestInvoker.java:172)\n\tat org.testng.internal.MethodRunner.runInSequence(MethodRunner.java:46)\n\tat org.testng.internal.TestInvoker$MethodInvocationAgent.invoke(TestInvoker.java:804)\n\tat org.testng.internal.TestInvoker.invokeTestMethods(TestInvoker.java:145)\n\tat org.testng.internal.TestMethodWorker.invokeTestMethods(TestMethodWorker.java:146)\n\tat org.testng.internal.TestMethodWorker.run(TestMethodWorker.java:128)\n\tat java.base/java.util.ArrayList.forEach(ArrayList.java:1511)\n\tat org.testng.TestRunner.privateRun(TestRunner.java:770)\n\tat org.testng.TestRunner.run(TestRunner.java:591)\n\tat org.testng.SuiteRunner.runTest(SuiteRunner.java:402)\n\tat org.testng.SuiteRunner.runSequentially(SuiteRunner.java:396)\n\tat org.testng.SuiteRunner.privateRun(SuiteRunner.java:355)\n\tat org.testng.SuiteRunner.run(SuiteRunner.java:304)\n\tat org.testng.SuiteRunnerWorker.runSuite(SuiteRunnerWorker.java:53)\n\tat org.testng.SuiteRunnerWorker.run(SuiteRunnerWorker.java:96)\n\tat org.testng.TestNG.runSuitesSequentially(TestNG.java:1180)\n\tat org.testng.TestNG.runSuitesLocally(TestNG.java:1102)\n\tat org.testng.TestNG.runSuites(TestNG.java:1032)\n\tat org.testng.TestNG.run(TestNG.java:1000)\n\tat com.intellij.rt.testng.IDEARemoteTestNG.run(IDEARemoteTestNG.java:66)\n\tat com.intellij.rt.testng.RemoteTestNGStarter.main(RemoteTestNGStarter.java:109)\nCaused by: org.openqa.selenium.ElementClickInterceptedException: element click intercepted: Element <button id=\"continueButton2\" style=\"flex: 1 1 0%; pointer-events: none; opacity: 0.6;\" class=\"style__GenericButton-nm7nxs-0 style__StyledButton-nm7nxs-1 mwDTa fAkIBH style__EventDetailsBodyDetailsButton-tv4rit-10 hkBnGM\">...</button> is not clickable at point (1121, 634). Other element would receive the click: <div class=\"style__EventDetailsButtonsContainer-tv4rit-9 iyOrAW\">...</div>\n  (Session info: chrome=112.0.5615.121)\nBuild info: version: '4.8.1', revision: '8ebccac989'\nSystem info: os.name: 'Mac OS X', os.arch: 'x86_64', os.version: '13.1', java.version: '17.0.5'\nDriver info: org.openqa.selenium.chrome.ChromeDriver\nCommand: [18cbc53c1649c4419159de460309d1c3, clickElement {id=1b0af84c-e4aa-4905-bd77-1f7568306162}]\nCapabilities {acceptInsecureCerts: true, browserName: chrome, browserVersion: 112.0.5615.121, chrome: {chromedriverVersion: 112.0.5615.49 (bd2a7bcb881c..., userDataDir: /var/folders/55/xnfgytgj1nv...}, goog:chromeOptions: {debuggerAddress: localhost:59295}, networkConnectionEnabled: false, pageLoadStrategy: normal, platformName: MAC, proxy: Proxy(), se:cdp: ws://localhost:59295/devtoo..., se:cdpVersion: 112.0.5615.121, setWindowRect: true, strictFileInteractability: false, timeouts: {implicit: 0, pageLoad: 300000, script: 30000}, unhandledPromptBehavior: accept, webauthn:extension:credBlob: true, webauthn:extension:largeBlob: true, webauthn:extension:minPinLength: true, webauthn:extension:prf: true, webauthn:virtualAuthenticators: true}\nElement: [[ChromeDriver: chrome on MAC (18cbc53c1649c4419159de460309d1c3)] -> xpath: //button[text()='ყიდვა']]\nSession ID: 18cbc53c1649c4419159de460309d1c3\n\tat java.base/jdk.internal.reflect.NativeConstructorAccessorImpl.newInstance0(Native Method)\n\tat java.base/jdk.internal.reflect.NativeConstructorAccessorImpl.newInstance(NativeConstructorAccessorImpl.java:77)\n\tat java.base/jdk.internal.reflect.DelegatingConstructorAccessorImpl.newInstance(DelegatingConstructorAccessorImpl.java:45)\n\tat java.base/java.lang.reflect.Constructor.newInstanceWithCaller(Constructor.java:499)\n\tat java.base/java.lang.reflect.Constructor.newInstance(Constructor.java:480)\n\tat org.openqa.selenium.remote.codec.w3c.W3CHttpResponseCodec.createException(W3CHttpResponseCodec.java:200)\n\tat org.openqa.selenium.remote.codec.w3c.W3CHttpResponseCodec.decode(W3CHttpResponseCodec.java:133)\n\tat org.openqa.selenium.remote.codec.w3c.W3CHttpResponseCodec.decode(W3CHttpResponseCodec.java:53)\n\tat org.openqa.selenium.remote.HttpCommandExecutor.execute(HttpCommandExecutor.java:184)\n\tat org.openqa.selenium.remote.service.DriverCommandExecutor.invokeExecute(DriverCommandExecutor.java:167)\n\tat org.openqa.selenium.remote.service.DriverCommandExecutor.execute(DriverCommandExecutor.java:142)\n\tat org.openqa.selenium.remote.RemoteWebDriver.execute(RemoteWebDriver.java:543)\n\tat org.openqa.selenium.remote.RemoteWebElement.execute(RemoteWebElement.java:257)\n\tat org.openqa.selenium.remote.RemoteWebElement.click(RemoteWebElement.java:78)\n\tat com.codeborne.selenide.commands.Click.defaultClick(Click.java:97)\n\tat com.codeborne.selenide.commands.Click.click(Click.java:54)\n\tat com.codeborne.selenide.commands.Click.execute(Click.java:31)\n\tat com.codeborne.selenide.commands.Click.execute(Click.java:21)\n\tat com.codeborne.selenide.commands.Commands.execute(Commands.java:159)\n\tat com.codeborne.selenide.impl.SelenideElementProxy.dispatchAndRetry(SelenideElementProxy.java:132)\n\t... 30 more\n"},"stage":"finished","steps":[],"attachments":[],"parameters":[],"start":1681928013522,"stop":1681928025524,"uuid":"97308ffa-2411-4666-a447-6b22cd101c85","historyId":"a513bbdb4278a0b69a6779e3e5b320b2","fullName":"selenideWebTesting.asdasd.asdas","labels":[{"name":"package","value":"selenideWebTesting.asdasd"},{"name":"testClass","value":"selenideWebTesting.asdasd"},{"name":"testMethod","value":"asdas"},{"name":"parentSuite","value":"Default Suite"},{"name":"suite","value":"FRONTX"},{"name":"subSuite","value":"selenideWebTesting.asdasd"},{"name":"host","value":"dvardanidzes-MacBook.local"},{"name":"thread","value":"25286@dvardanidzes-MacBook.local.main(1)"},{"name":"framework","value":"testng"},{"name":"language","value":"java"}],"links":[]}