{"name":"[WPL-T7973]","status":"failed","statusDetails":{"known":false,"muted":false,"flaky":false,"message":"Invalid element state [By.xpath: //mat-option[0]]: element click intercepted: Element <mat-option _ngcontent-cig-c374=\"\" role=\"option\" class=\"mat-option mat-focus-indicator not-found-option mat-active ng-tns-c325-15 ng-star-inserted\" id=\"mat-option-8\" tabindex=\"0\" aria-disabled=\"false\" style=\"\">...</mat-option> is not clickable at point (547, 452). Other element would receive the click: <div role=\"listbox\" tabindex=\"-1\" class=\"ng-tns-c325-15 ng-trigger ng-trigger-transformPanel mat-select-panel mat-primary custom-offset-y user-management-dropdown\" id=\"mat-select-4-panel\" aria-multiselectable=\"false\" aria-labelledby=\"mat-form-field-label-5\" style=\"transform-origin: 50% 7.875px 0px; font-size: 14px; opacity: 1; min-width: calc(100% + 32px); transform: scaleY(1);\">...</div>\nScreenshot: file:/Users/dvardanidze/Desktop/FRONTX/build/reports/tests/1681987677335.1.png\nPage source: file:/Users/dvardanidze/Desktop/FRONTX/build/reports/tests/1681987677335.1.html\nTimeout: 9 s.\nCaused by: ElementClickInterceptedException: element click intercepted: Element <mat-option _ngcontent-cig-c374=\"\" role=\"option\" class=\"mat-option mat-focus-indicator not-found-option mat-active ng-tns-c325-15 ng-star-inserted\" id=\"mat-option-8\" tabindex=\"0\" aria-disabled=\"false\" style=\"\">...</mat-option> is not clickable at point (547, 452). Other element would receive the click: <div role=\"listbox\" tabindex=\"-1\" class=\"ng-tns-c325-15 ng-trigger ng-trigger-transformPanel mat-select-panel mat-primary custom-offset-y user-management-dropdown\" id=\"mat-select-4-panel\" aria-multiselectable=\"false\" aria-labelledby=\"mat-form-field-label-5\" style=\"transform-origin: 50% 7.875px 0px; font-size: 14px; opacity: 1; min-width: calc(100% + 32px); transform: scaleY(1);\">...</div>","trace":"Invalid element state [By.xpath: //mat-option[0]]: element click intercepted: Element <mat-option _ngcontent-cig-c374=\"\" role=\"option\" class=\"mat-option mat-focus-indicator not-found-option mat-active ng-tns-c325-15 ng-star-inserted\" id=\"mat-option-8\" tabindex=\"0\" aria-disabled=\"false\" style=\"\">...</mat-option> is not clickable at point (547, 452). Other element would receive the click: <div role=\"listbox\" tabindex=\"-1\" class=\"ng-tns-c325-15 ng-trigger ng-trigger-transformPanel mat-select-panel mat-primary custom-offset-y user-management-dropdown\" id=\"mat-select-4-panel\" aria-multiselectable=\"false\" aria-labelledby=\"mat-form-field-label-5\" style=\"transform-origin: 50% 7.875px 0px; font-size: 14px; opacity: 1; min-width: calc(100% + 32px); transform: scaleY(1);\">...</div>\nScreenshot: file:/Users/dvardanidze/Desktop/FRONTX/build/reports/tests/1681987677335.1.png\nPage source: file:/Users/dvardanidze/Desktop/FRONTX/build/reports/tests/1681987677335.1.html\nTimeout: 9 s.\nCaused by: ElementClickInterceptedException: element click intercepted: Element <mat-option _ngcontent-cig-c374=\"\" role=\"option\" class=\"mat-option mat-focus-indicator not-found-option mat-active ng-tns-c325-15 ng-star-inserted\" id=\"mat-option-8\" tabindex=\"0\" aria-disabled=\"false\" style=\"\">...</mat-option> is not clickable at point (547, 452). Other element would receive the click: <div role=\"listbox\" tabindex=\"-1\" class=\"ng-tns-c325-15 ng-trigger ng-trigger-transformPanel mat-select-panel mat-primary custom-offset-y user-management-dropdown\" id=\"mat-select-4-panel\" aria-multiselectable=\"false\" aria-labelledby=\"mat-form-field-label-5\" style=\"transform-origin: 50% 7.875px 0px; font-size: 14px; opacity: 1; min-width: calc(100% + 32px); transform: scaleY(1);\">...</div>\n\tat com.codeborne.selenide.impl.ExceptionWrapper.wrap(ExceptionWrapper.java:26)\n\tat com.codeborne.selenide.impl.SelenideElementProxy.dispatchAndRetry(SelenideElementProxy.java:154)\n\tat com.codeborne.selenide.impl.SelenideElementProxy.invoke(SelenideElementProxy.java:84)\n\tat jdk.proxy2/jdk.proxy2.$Proxy11.click(Unknown Source)\n\tat selenideWebTesting.stepObjects.digitalServicesPageSteps.Roles.RoleSteps.selectFirstRoleTemplate(RoleSteps.java:369)\n\tat selenideWebTesting.Roles.createRole(Roles.java:336)\n\tat java.base/jdk.internal.reflect.NativeMethodAccessorImpl.invoke0(Native Method)\n\tat java.base/jdk.internal.reflect.NativeMethodAccessorImpl.invoke(NativeMethodAccessorImpl.java:77)\n\tat java.base/jdk.internal.reflect.DelegatingMethodAccessorImpl.invoke(DelegatingMethodAccessorImpl.java:43)\n\tat java.base/java.lang.reflect.Method.invoke(Method.java:568)\n\tat org.testng.internal.MethodInvocationHelper.invokeMethod(MethodInvocationHelper.java:133)\n\tat org.testng.internal.TestInvoker.invokeMethod(TestInvoker.java:584)\n\tat org.testng.internal.TestInvoker.invokeTestMethod(TestInvoker.java:172)\n\tat org.testng.internal.MethodRunner.runInSequence(MethodRunner.java:46)\n\tat org.testng.internal.TestInvoker$MethodInvocationAgent.invoke(TestInvoker.java:804)\n\tat org.testng.internal.TestInvoker.invokeTestMethods(TestInvoker.java:145)\n\tat org.testng.internal.TestMethodWorker.invokeTestMethods(TestMethodWorker.java:146)\n\tat org.testng.internal.TestMethodWorker.run(TestMethodWorker.java:128)\n\tat java.base/java.util.ArrayList.forEach(ArrayList.java:1511)\n\tat org.testng.TestRunner.privateRun(TestRunner.java:770)\n\tat org.testng.TestRunner.run(TestRunner.java:591)\n\tat org.testng.SuiteRunner.runTest(SuiteRunner.java:402)\n\tat org.testng.SuiteRunner.runSequentially(SuiteRunner.java:396)\n\tat org.testng.SuiteRunner.privateRun(SuiteRunner.java:355)\n\tat org.testng.SuiteRunner.run(SuiteRunner.java:304)\n\tat org.testng.SuiteRunnerWorker.runSuite(SuiteRunnerWorker.java:53)\n\tat org.testng.SuiteRunnerWorker.run(SuiteRunnerWorker.java:96)\n\tat org.testng.TestNG.runSuitesSequentially(TestNG.java:1180)\n\tat org.testng.TestNG.runSuitesLocally(TestNG.java:1102)\n\tat org.testng.TestNG.runSuites(TestNG.java:1032)\n\tat org.testng.TestNG.run(TestNG.java:1000)\n\tat com.intellij.rt.testng.IDEARemoteTestNG.run(IDEARemoteTestNG.java:66)\n\tat com.intellij.rt.testng.RemoteTestNGStarter.main(RemoteTestNGStarter.java:109)\nCaused by: org.openqa.selenium.ElementClickInterceptedException: element click intercepted: Element <mat-option _ngcontent-cig-c374=\"\" role=\"option\" class=\"mat-option mat-focus-indicator not-found-option mat-active ng-tns-c325-15 ng-star-inserted\" id=\"mat-option-8\" tabindex=\"0\" aria-disabled=\"false\" style=\"\">...</mat-option> is not clickable at point (547, 452). Other element would receive the click: <div role=\"listbox\" tabindex=\"-1\" class=\"ng-tns-c325-15 ng-trigger ng-trigger-transformPanel mat-select-panel mat-primary custom-offset-y user-management-dropdown\" id=\"mat-select-4-panel\" aria-multiselectable=\"false\" aria-labelledby=\"mat-form-field-label-5\" style=\"transform-origin: 50% 7.875px 0px; font-size: 14px; opacity: 1; min-width: calc(100% + 32px); transform: scaleY(1);\">...</div>\n  (Session info: chrome=112.0.5615.137)\nBuild info: version: '4.8.1', revision: '8ebccac989'\nSystem info: os.name: 'Mac OS X', os.arch: 'x86_64', os.version: '13.1', java.version: '17.0.5'\nDriver info: org.openqa.selenium.chrome.ChromeDriver\nCommand: [3feb4853d35913862792bf3f7188300d, clickElement {id=f7b3a8aa-c836-42e6-b0f1-96066206219a}]\nCapabilities {acceptInsecureCerts: true, browserName: chrome, browserVersion: 112.0.5615.137, chrome: {chromedriverVersion: 112.0.5615.49 (bd2a7bcb881c..., userDataDir: /var/folders/55/xnfgytgj1nv...}, goog:chromeOptions: {debuggerAddress: localhost:65170}, networkConnectionEnabled: false, pageLoadStrategy: none, platformName: MAC, proxy: Proxy(), se:cdp: ws://localhost:65170/devtoo..., se:cdpVersion: 112.0.5615.137, setWindowRect: true, strictFileInteractability: false, timeouts: {implicit: 0, pageLoad: 300000, script: 30000}, unhandledPromptBehavior: accept, webauthn:extension:credBlob: true, webauthn:extension:largeBlob: true, webauthn:extension:minPinLength: true, webauthn:extension:prf: true, webauthn:virtualAuthenticators: true}\nElement: [[ChromeDriver: chrome on MAC (3feb4853d35913862792bf3f7188300d)] -> xpath: //mat-option]\nSession ID: 3feb4853d35913862792bf3f7188300d\n\tat java.base/jdk.internal.reflect.NativeConstructorAccessorImpl.newInstance0(Native Method)\n\tat java.base/jdk.internal.reflect.NativeConstructorAccessorImpl.newInstance(NativeConstructorAccessorImpl.java:77)\n\tat java.base/jdk.internal.reflect.DelegatingConstructorAccessorImpl.newInstance(DelegatingConstructorAccessorImpl.java:45)\n\tat java.base/java.lang.reflect.Constructor.newInstanceWithCaller(Constructor.java:499)\n\tat java.base/java.lang.reflect.Constructor.newInstance(Constructor.java:480)\n\tat org.openqa.selenium.remote.codec.w3c.W3CHttpResponseCodec.createException(W3CHttpResponseCodec.java:200)\n\tat org.openqa.selenium.remote.codec.w3c.W3CHttpResponseCodec.decode(W3CHttpResponseCodec.java:133)\n\tat org.openqa.selenium.remote.codec.w3c.W3CHttpResponseCodec.decode(W3CHttpResponseCodec.java:53)\n\tat org.openqa.selenium.remote.HttpCommandExecutor.execute(HttpCommandExecutor.java:184)\n\tat org.openqa.selenium.remote.service.DriverCommandExecutor.invokeExecute(DriverCommandExecutor.java:167)\n\tat org.openqa.selenium.remote.service.DriverCommandExecutor.execute(DriverCommandExecutor.java:142)\n\tat org.openqa.selenium.remote.RemoteWebDriver.execute(RemoteWebDriver.java:543)\n\tat org.openqa.selenium.remote.RemoteWebElement.execute(RemoteWebElement.java:257)\n\tat org.openqa.selenium.remote.RemoteWebElement.click(RemoteWebElement.java:78)\n\tat com.codeborne.selenide.commands.Click.defaultClick(Click.java:97)\n\tat com.codeborne.selenide.commands.Click.click(Click.java:54)\n\tat com.codeborne.selenide.commands.Click.execute(Click.java:31)\n\tat com.codeborne.selenide.commands.Click.execute(Click.java:21)\n\tat com.codeborne.selenide.commands.Commands.execute(Commands.java:159)\n\tat com.codeborne.selenide.impl.SelenideElementProxy.dispatchAndRetry(SelenideElementProxy.java:132)\n\t... 31 more\n"},"stage":"finished","description":"შევქმნათ ახალი როლი და ვიზუალში უნდა გამოჩნდეს ეს როლი","steps":[],"attachments":[],"parameters":[],"start":1681987667232,"stop":1681987677730,"uuid":"b66830b9-a02e-4f15-8177-a23a495a13e4","historyId":"ace26eac5a5239e6f1beb6db715bc4bc","fullName":"selenideWebTesting.Roles.createRole","labels":[{"name":"package","value":"selenideWebTesting.Roles"},{"name":"testClass","value":"selenideWebTesting.Roles"},{"name":"testMethod","value":"createRole"},{"name":"parentSuite","value":"Default Suite"},{"name":"suite","value":"FRONTX"},{"name":"subSuite","value":"selenideWebTesting.Roles"},{"name":"host","value":"dvardanidzes-MacBook.local"},{"name":"thread","value":"39732@dvardanidzes-MacBook.local.main(1)"},{"name":"framework","value":"testng"},{"name":"language","value":"java"},{"name":"story","value":"Role Page -> Role tab - Add new Role"}],"links":[]}