{"name":"[WPL-T7995]","status":"skipped","statusDetails":{"known":false,"muted":false,"flaky":false,"message":"Cannot initialize proxy. Probably you should add \"selenide-proxy\" dependency to your project - see https://search.maven.org/search?q=a:selenide-proxy","trace":"java.lang.IllegalStateException: Cannot initialize proxy. Probably you should add \"selenide-proxy\" dependency to your project - see https://search.maven.org/search?q=a:selenide-proxy\n\tat com.codeborne.selenide.drivercommands.CreateDriverCommand.lambda$createDriver$0(CreateDriverCommand.java:66)\n\tat com.codeborne.selenide.logevents.SelenideLogger.get(SelenideLogger.java:118)\n\tat com.codeborne.selenide.drivercommands.CreateDriverCommand.createDriver(CreateDriverCommand.java:52)\n\tat com.codeborne.selenide.impl.WebDriverThreadLocalContainer.createDriver(WebDriverThreadLocalContainer.java:180)\n\tat com.codeborne.selenide.impl.WebDriverThreadLocalContainer.getAndCheckWebDriver(WebDriverThreadLocalContainer.java:149)\n\tat com.codeborne.selenide.WebDriverRunner.getAndCheckWebDriver(WebDriverRunner.java:130)\n\tat com.codeborne.selenide.impl.StaticDriver.getAndCheckWebDriver(StaticDriver.java:65)\n\tat com.codeborne.selenide.SelenideDriver.getAndCheckWebDriver(SelenideDriver.java:220)\n\tat com.codeborne.selenide.drivercommands.Navigator.lambda$navigateTo$0(Navigator.java:72)\n\tat com.codeborne.selenide.logevents.SelenideLogger.run(SelenideLogger.java:105)\n\tat com.codeborne.selenide.drivercommands.Navigator.navigateTo(Navigator.java:70)\n\tat com.codeborne.selenide.drivercommands.Navigator.open(Navigator.java:32)\n\tat com.codeborne.selenide.SelenideDriver.open(SelenideDriver.java:101)\n\tat com.codeborne.selenide.Selenide.open(Selenide.java:52)\n\tat selenideWebTesting.utils.ConfigAndLoginSteps.beforeClass(ConfigAndLoginSteps.java:85)\n\tat java.base/jdk.internal.reflect.NativeMethodAccessorImpl.invoke0(Native Method)\n\tat java.base/jdk.internal.reflect.NativeMethodAccessorImpl.invoke(NativeMethodAccessorImpl.java:77)\n\tat java.base/jdk.internal.reflect.DelegatingMethodAccessorImpl.invoke(DelegatingMethodAccessorImpl.java:43)\n\tat java.base/java.lang.reflect.Method.invoke(Method.java:568)\n\tat org.testng.internal.MethodInvocationHelper.invokeMethod(MethodInvocationHelper.java:133)\n\tat org.testng.internal.MethodInvocationHelper.invokeMethodConsideringTimeout(MethodInvocationHelper.java:62)\n\tat org.testng.internal.ConfigInvoker.invokeConfigurationMethod(ConfigInvoker.java:340)\n\tat org.testng.internal.ConfigInvoker.invokeConfigurations(ConfigInvoker.java:294)\n\tat org.testng.internal.TestMethodWorker.invokeBeforeClassMethods(TestMethodWorker.java:176)\n\tat org.testng.internal.TestMethodWorker.run(TestMethodWorker.java:122)\n\tat java.base/java.util.ArrayList.forEach(ArrayList.java:1511)\n\tat org.testng.TestRunner.privateRun(TestRunner.java:770)\n\tat org.testng.TestRunner.run(TestRunner.java:591)\n\tat org.testng.SuiteRunner.runTest(SuiteRunner.java:402)\n\tat org.testng.SuiteRunner.runSequentially(SuiteRunner.java:396)\n\tat org.testng.SuiteRunner.privateRun(SuiteRunner.java:355)\n\tat org.testng.SuiteRunner.run(SuiteRunner.java:304)\n\tat org.testng.SuiteRunnerWorker.runSuite(SuiteRunnerWorker.java:53)\n\tat org.testng.SuiteRunnerWorker.run(SuiteRunnerWorker.java:96)\n\tat org.testng.TestNG.runSuitesSequentially(TestNG.java:1180)\n\tat org.testng.TestNG.runSuitesLocally(TestNG.java:1102)\n\tat org.testng.TestNG.runSuites(TestNG.java:1032)\n\tat org.testng.TestNG.run(TestNG.java:1000)\n\tat com.intellij.rt.testng.IDEARemoteTestNG.run(IDEARemoteTestNG.java:66)\n\tat com.intellij.rt.testng.RemoteTestNGStarter.main(RemoteTestNGStarter.java:109)\nCaused by: java.lang.NoClassDefFoundError: com/browserup/bup/BrowserUpProxy\n\tat com.codeborne.selenide.proxy.DefaultSelenideProxyServerFactory.create(DefaultSelenideProxyServerFactory.java:16)\n\tat com.codeborne.selenide.drivercommands.CreateDriverCommand.lambda$createDriver$0(CreateDriverCommand.java:62)\n\t... 39 more\nCaused by: java.lang.ClassNotFoundException: com.browserup.bup.BrowserUpProxy\n\tat java.base/jdk.internal.loader.BuiltinClassLoader.loadClass(BuiltinClassLoader.java:641)\n\tat java.base/jdk.internal.loader.ClassLoaders$AppClassLoader.loadClass(ClassLoaders.java:188)\n\tat java.base/java.lang.ClassLoader.loadClass(ClassLoader.java:520)\n\t... 41 more\n"},"stage":"finished","description":"ვცვლით როლის ლიმიტის მნიშვნელობას, ვინახავთ და ვამოწმებთ რომ წარმატებით შეიცვალა","steps":[],"attachments":[],"parameters":[],"start":1681998077937,"stop":1681998077938,"uuid":"ce7df8f4-7f3e-4f2d-8b79-cb004d3884ae","historyId":"346501003093f91cae6ad72c5aea136b","fullName":"selenideWebTesting.Roles.editRoleLimit","labels":[{"name":"package","value":"selenideWebTesting.Roles"},{"name":"testClass","value":"selenideWebTesting.Roles"},{"name":"testMethod","value":"editRoleLimit"},{"name":"parentSuite","value":"Default Suite"},{"name":"suite","value":"FRONTX"},{"name":"subSuite","value":"selenideWebTesting.Roles"},{"name":"host","value":"dvardanidzes-MacBook.local"},{"name":"thread","value":"43242@dvardanidzes-MacBook.local.main(1)"},{"name":"framework","value":"testng"},{"name":"language","value":"java"},{"name":"story","value":"Role Page -> Actions tab -> Pressing \"Three dots\" -> Edit -> Limits tab -> Limits -> Setting limit"}],"links":[]}